<?xml version="1.0" encoding="UTF-8"?>
<!-- Generated by org.testng.reporters.JUnitReportReporter -->
<testsuite skipped="0" hostname="Sanjidas-MacBook-Pro.local" name="tests.DependsOn" tests="4" failures="0" timestamp="05 Nov 2018 03:35:30 GMT" time="0.016" errors="0">
  <testcase name="abc" time="0.013" classname="tests.DependsOn"/>
  <testcase name="fgc" time="0.001" classname="tests.DependsOn"/>
  <testcase name="efg" time="0.001" classname="tests.DependsOn"/>
  <testcase name="ijk" time="0.001" classname="tests.DependsOn"/>
</testsuite> <!-- tests.DependsOn -->
