<?xml version="1.0" encoding="UTF-8"?>
<!-- Generated by org.testng.reporters.JUnitReportReporter -->
<testsuite skipped="0" hostname="Sanjidas-MacBook-Pro.local" name="tests.DropDownTest" tests="1" failures="0" timestamp="10 Nov 2018 07:07:37 GMT" time="0.366" errors="0">
  <testcase name="test2" time="0.366" classname="tests.DropDownTest"/>
</testsuite> <!-- tests.DropDownTest -->
