<?xml version="1.0" encoding="UTF-8"?>
<!-- Generated by org.testng.reporters.JUnitReportReporter -->
<testsuite skipped="0" hostname="Sanjidas-MacBook-Pro.local" name="tests.AssertionTest" tests="1" failures="0" timestamp="05 Nov 2018 03:35:06 GMT" time="0.103" errors="0">
  <testcase name="CreateNewAC" time="0.103" classname="tests.AssertionTest"/>
</testsuite> <!-- tests.AssertionTest -->
