<?xml version="1.0" encoding="UTF-8"?>
<!-- Generated by org.testng.reporters.JUnitReportReporter -->
<testsuite skipped="0" hostname="Sanjidas-MacBook-Pro.local" name="tests.GroupONConcept" tests="3" failures="0" timestamp="05 Nov 2018 03:40:47 GMT" time="0.019" errors="0">
  <testcase name="test2" time="0.015" classname="tests.GroupONConcept"/>
  <testcase name="test1" time="0.002" classname="tests.GroupONConcept"/>
  <testcase name="test2" time="0.002" classname="tests.GroupONConcept"/>
</testsuite> <!-- tests.GroupONConcept -->
